Start testing: Aug 08 20:29 UTC
----------------------------------------------------------
1/1 Testing: house_flipper_tests
1/1 Test: house_flipper_tests
Command: "/home/ubuntu/house-flipper-user/build/house_flipper_tests"
Directory: /home/ubuntu/house-flipper-user/build
"house_flipper_tests" start time: Aug 08 20:29 UTC
Output:
----------------------------------------------------------
neon_tests: all checks passed
<end of output>
Test time =   0.00 sec
----------------------------------------------------------
Test Passed.
"house_flipper_tests" end time: Aug 08 20:29 UTC
"house_flipper_tests" time elapsed: 00:00:00
----------------------------------------------------------

End testing: Aug 08 20:29 UTC
